Start testing: Jan 04 21:37 EST
----------------------------------------------------------
1/6 Testing: test-utils
1/6 Test: test-utils
Command: "/home/maddocks/kernels/linux-4.14.10-gpd/tools/16ton/mtp_adb/mtp-server/obj-x86_64-linux-gnu/tests/test-utils"
Directory: /home/maddocks/kernels/linux-4.14.10-gpd/tools/16ton/mtp_adb/mtp-server/obj-x86_64-linux-gnu/tests
"test-utils" start time: Jan 04 21:37 EST
Output:
----------------------------------------------------------
Running 2 test cases...

*** No errors detected
<end of output>
Test time =   0.01 sec
----------------------------------------------------------
Test Passed.
"test-utils" end time: Jan 04 21:37 EST
"test-utils" time elapsed: 00:00:00
----------------------------------------------------------

2/6 Testing: test-debug
2/6 Test: test-debug
Command: "/home/maddocks/kernels/linux-4.14.10-gpd/tools/16ton/mtp_adb/mtp-server/obj-x86_64-linux-gnu/tests/test-debug"
Directory: /home/maddocks/kernels/linux-4.14.10-gpd/tools/16ton/mtp_adb/mtp-server/obj-x86_64-linux-gnu/tests
"test-debug" start time: Jan 04 21:37 EST
Output:
----------------------------------------------------------
Running 5 test cases...

*** No errors detected
<end of output>
Test time =   0.01 sec
----------------------------------------------------------
Test Passed.
"test-debug" end time: Jan 04 21:37 EST
"test-debug" time elapsed: 00:00:00
----------------------------------------------------------

3/6 Testing: test-packet
3/6 Test: test-packet
Command: "/home/maddocks/kernels/linux-4.14.10-gpd/tools/16ton/mtp_adb/mtp-server/obj-x86_64-linux-gnu/tests/test-packet"
Directory: /home/maddocks/kernels/linux-4.14.10-gpd/tools/16ton/mtp_adb/mtp-server/obj-x86_64-linux-gnu/tests
"test-packet" start time: Jan 04 21:37 EST
Output:
----------------------------------------------------------
Running 2 test cases...

*** No errors detected
<end of output>
Test time =   0.01 sec
----------------------------------------------------------
Test Passed.
"test-packet" end time: Jan 04 21:37 EST
"test-packet" time elapsed: 00:00:00
----------------------------------------------------------

4/6 Testing: test-property
4/6 Test: test-property
Command: "/home/maddocks/kernels/linux-4.14.10-gpd/tools/16ton/mtp_adb/mtp-server/obj-x86_64-linux-gnu/tests/test-property"
Directory: /home/maddocks/kernels/linux-4.14.10-gpd/tools/16ton/mtp_adb/mtp-server/obj-x86_64-linux-gnu/tests
"test-property" start time: Jan 04 21:37 EST
Output:
----------------------------------------------------------
Running 6 test cases...

*** No errors detected
<end of output>
Test time =   0.01 sec
----------------------------------------------------------
Test Passed.
"test-property" end time: Jan 04 21:37 EST
"test-property" time elapsed: 00:00:00
----------------------------------------------------------

5/6 Testing: test-storage
5/6 Test: test-storage
Command: "/home/maddocks/kernels/linux-4.14.10-gpd/tools/16ton/mtp_adb/mtp-server/obj-x86_64-linux-gnu/tests/test-storage"
Directory: /home/maddocks/kernels/linux-4.14.10-gpd/tools/16ton/mtp_adb/mtp-server/obj-x86_64-linux-gnu/tests
"test-storage" start time: Jan 04 21:37 EST
Output:
----------------------------------------------------------
Running 9 test cases...

*** No errors detected
<end of output>
Test time =   0.00 sec
----------------------------------------------------------
Test Passed.
"test-storage" end time: Jan 04 21:37 EST
"test-storage" time elapsed: 00:00:00
----------------------------------------------------------

6/6 Testing: test-server
6/6 Test: test-server
Command: "/home/maddocks/kernels/linux-4.14.10-gpd/tools/16ton/mtp_adb/mtp-server/obj-x86_64-linux-gnu/tests/test-server"
Directory: /home/maddocks/kernels/linux-4.14.10-gpd/tools/16ton/mtp_adb/mtp-server/obj-x86_64-linux-gnu/tests
"test-server" start time: Jan 04 21:37 EST
Output:
----------------------------------------------------------
Running 5 test cases...

*** No errors detected
<end of output>
Test time =   0.00 sec
----------------------------------------------------------
Test Passed.
"test-server" end time: Jan 04 21:37 EST
"test-server" time elapsed: 00:00:00
----------------------------------------------------------

End testing: Jan 04 21:37 EST
